<?xml version="1.0" encoding="UTF-8"?>
<coverage generated="1528758526458" clover="3.2.0">
  <project timestamp="1528758526458" name="All files">
    <metrics statements="35" coveredstatements="30" conditionals="10" coveredconditionals="8" methods="18" coveredmethods="15" elements="63" coveredelements="53" complexity="0" loc="35" ncloc="35" packages="3" files="5" classes="5">
      <package name="client.component">
        <metrics statements="29" coveredstatements="24" conditionals="10" coveredconditionals="8" methods="16" coveredmethods="13"/>
        <file name="App.jsx" path="/Users/biosync/Desktop/FrontEndCapstone/client/component/App.jsx">
          <metrics statements="3" coveredstatements="3" conditionals="0" coveredconditionals="0" methods="2" coveredmethods="2"/>
          <line num="6" count="1" type="stmt"/>
          <line num="8" count="1" type="stmt"/>
          <line num="12" count="1" type="stmt"/>
        </file>
        <file name="Shipping.jsx" path="/Users/biosync/Desktop/FrontEndCapstone/client/component/Shipping.jsx">
          <metrics statements="26" coveredstatements="21" conditionals="10" coveredconditionals="8" methods="14" coveredmethods="11"/>
          <line num="13" count="3" type="stmt"/>
          <line num="15" count="585" type="stmt"/>
          <line num="17" count="3" type="stmt"/>
          <line num="28" count="3" type="stmt"/>
          <line num="29" count="3" type="stmt"/>
          <line num="30" count="3" type="stmt"/>
          <line num="36" count="3" type="stmt"/>
          <line num="40" count="3" type="stmt"/>
          <line num="49" count="0" type="stmt"/>
          <line num="51" count="0" type="stmt"/>
          <line num="58" count="3" type="stmt"/>
          <line num="63" count="1" type="stmt"/>
          <line num="64" count="1" type="cond" truecount="1" falsecount="1"/>
          <line num="65" count="1" type="stmt"/>
          <line num="74" count="0" type="stmt"/>
          <line num="82" count="1" type="stmt"/>
          <line num="88" count="1" type="stmt"/>
          <line num="90" count="1" type="stmt"/>
          <line num="94" count="0" type="stmt"/>
          <line num="96" count="0" type="stmt"/>
          <line num="122" count="5" type="stmt"/>
          <line num="125" count="5" type="cond" truecount="4" falsecount="0"/>
          <line num="126" count="4" type="stmt"/>
          <line num="128" count="1" type="stmt"/>
          <line num="131" count="5" type="stmt"/>
          <line num="157" count="783" type="stmt"/>
        </file>
      </package>
      <package name="client.component.tables">
        <metrics statements="4" coveredstatements="4" conditionals="0" coveredconditionals="0" methods="2" coveredmethods="2"/>
        <file name="PaymentDetailsTable.jsx" path="/Users/biosync/Desktop/FrontEndCapstone/client/component/tables/PaymentDetailsTable.jsx">
          <metrics statements="2" coveredstatements="2" conditionals="0" coveredconditionals="0" methods="1" coveredmethods="1"/>
          <line num="6" count="3" type="stmt"/>
          <line num="7" count="4" type="stmt"/>
        </file>
        <file name="ReturnPolicyTable.jsx" path="/Users/biosync/Desktop/FrontEndCapstone/client/component/tables/ReturnPolicyTable.jsx">
          <metrics statements="2" coveredstatements="2" conditionals="0" coveredconditionals="0" methods="1" coveredmethods="1"/>
          <line num="5" count="3" type="stmt"/>
          <line num="6" count="4" type="stmt"/>
        </file>
      </package>
      <package name="db.sql">
        <metrics statements="2" coveredstatements="2" conditionals="0" coveredconditionals="0" methods="0" coveredmethods="0"/>
        <file name="seed.js" path="/Users/biosync/Desktop/FrontEndCapstone/db/sql/seed.js">
          <metrics statements="2" coveredstatements="2" conditionals="0" coveredconditionals="0" methods="0" coveredmethods="0"/>
          <line num="1" count="2" type="stmt"/>
          <line num="199" count="2" type="stmt"/>
        </file>
      </package>
    </metrics>
  </project>
</coverage>
