{"/Users/biosync/Desktop/FrontEndCapstone/client/component/App.jsx": {"path":"/Users/biosync/Desktop/FrontEndCapstone/client/component/App.jsx","statementMap":{"0":{"start":{"line":6,"column":4},"end":{"line":6,"column":12}},"1":{"start":{"line":8,"column":4},"end":{"line":8,"column":19}},"2":{"start":{"line":12,"column":4},"end":{"line":16,"column":5}}},"fnMap":{"0":{"name":"(anonymous_0)","decl":{"start":{"line":5,"column":2},"end":{"line":5,"column":3}},"loc":{"start":{"line":5,"column":16},"end":{"line":9,"column":3}},"line":5},"1":{"name":"(anonymous_1)","decl":{"start":{"line":11,"column":2},"end":{"line":11,"column":3}},"loc":{"start":{"line":11,"column":11},"end":{"line":17,"column":3}},"line":11}},"branchMap":{},"s":{"0":1,"1":1,"2":1},"f":{"0":1,"1":1},"b":{},"_coverageSchema":"332fd63041d2c1bcb487cc26dd0d5f7d97098a6c","hash":"9467263e9ec223aa4bb2bde5077924fdcff5f5c0"}
,"/Users/biosync/Desktop/FrontEndCapstone/client/component/Shipping.jsx": {"path":"/Users/biosync/Desktop/FrontEndCapstone/client/component/Shipping.jsx","statementMap":{"0":{"start":{"line":13,"column":4},"end":{"line":13,"column":17}},"1":{"start":{"line":15,"column":22},"end":{"line":15,"column":53}},"2":{"start":{"line":15,"column":40},"end":{"line":15,"column":52}},"3":{"start":{"line":17,"column":4},"end":{"line":26,"column":6}},"4":{"start":{"line":28,"column":4},"end":{"line":28,"column":53}},"5":{"start":{"line":29,"column":4},"end":{"line":29,"column":53}},"6":{"start":{"line":30,"column":4},"end":{"line":30,"column":65}},"7":{"start":{"line":36,"column":4},"end":{"line":36,"column":25}},"8":{"start":{"line":40,"column":4},"end":{"line":59,"column":7}},"9":{"start":{"line":49,"column":6},"end":{"line":49,"column":24}},"10":{"start":{"line":51,"column":6},"end":{"line":55,"column":9}},"11":{"start":{"line":58,"column":6},"end":{"line":58,"column":48}},"12":{"start":{"line":63,"column":4},"end":{"line":63,"column":27}},"13":{"start":{"line":64,"column":4},"end":{"line":84,"column":5}},"14":{"start":{"line":65,"column":6},"end":{"line":83,"column":9}},"15":{"start":{"line":74,"column":8},"end":{"line":79,"column":11}},"16":{"start":{"line":82,"column":8},"end":{"line":82,"column":50}},"17":{"start":{"line":88,"column":4},"end":{"line":90,"column":54}},"18":{"start":{"line":90,"column":13},"end":{"line":90,"column":52}},"19":{"start":{"line":94,"column":4},"end":{"line":94,"column":27}},"20":{"start":{"line":96,"column":4},"end":{"line":98,"column":7}},"21":{"start":{"line":122,"column":26},"end":{"line":122,"column":52}},"22":{"start":{"line":125,"column":4},"end":{"line":129,"column":5}},"23":{"start":{"line":126,"column":6},"end":{"line":126,"column":20}},"24":{"start":{"line":128,"column":6},"end":{"line":128,"column":20}},"25":{"start":{"line":131,"column":4},"end":{"line":228,"column":6}},"26":{"start":{"line":157,"column":20},"end":{"line":157,"column":54}}},"fnMap":{"0":{"name":"(anonymous_0)","decl":{"start":{"line":12,"column":2},"end":{"line":12,"column":3}},"loc":{"start":{"line":12,"column":21},"end":{"line":33,"column":3}},"line":12},"1":{"name":"(anonymous_1)","decl":{"start":{"line":15,"column":32},"end":{"line":15,"column":33}},"loc":{"start":{"line":15,"column":40},"end":{"line":15,"column":52}},"line":15},"2":{"name":"(anonymous_2)","decl":{"start":{"line":35,"column":2},"end":{"line":35,"column":3}},"loc":{"start":{"line":35,"column":22},"end":{"line":37,"column":3}},"line":35},"3":{"name":"(anonymous_3)","decl":{"start":{"line":39,"column":2},"end":{"line":39,"column":3}},"loc":{"start":{"line":39,"column":18},"end":{"line":60,"column":3}},"line":39},"4":{"name":"(anonymous_4)","decl":{"start":{"line":48,"column":10},"end":{"line":48,"column":11}},"loc":{"start":{"line":48,"column":24},"end":{"line":56,"column":5}},"line":48},"5":{"name":"(anonymous_5)","decl":{"start":{"line":57,"column":11},"end":{"line":57,"column":12}},"loc":{"start":{"line":57,"column":18},"end":{"line":59,"column":5}},"line":57},"6":{"name":"(anonymous_6)","decl":{"start":{"line":62,"column":2},"end":{"line":62,"column":3}},"loc":{"start":{"line":62,"column":22},"end":{"line":85,"column":3}},"line":62},"7":{"name":"(anonymous_7)","decl":{"start":{"line":73,"column":12},"end":{"line":73,"column":13}},"loc":{"start":{"line":73,"column":26},"end":{"line":80,"column":7}},"line":73},"8":{"name":"(anonymous_8)","decl":{"start":{"line":81,"column":13},"end":{"line":81,"column":14}},"loc":{"start":{"line":81,"column":20},"end":{"line":83,"column":7}},"line":81},"9":{"name":"(anonymous_9)","decl":{"start":{"line":87,"column":2},"end":{"line":87,"column":3}},"loc":{"start":{"line":87,"column":22},"end":{"line":91,"column":3}},"line":87},"10":{"name":"(anonymous_10)","decl":{"start":{"line":90,"column":7},"end":{"line":90,"column":8}},"loc":{"start":{"line":90,"column":13},"end":{"line":90,"column":52}},"line":90},"11":{"name":"(anonymous_11)","decl":{"start":{"line":93,"column":2},"end":{"line":93,"column":3}},"loc":{"start":{"line":93,"column":28},"end":{"line":99,"column":3}},"line":93},"12":{"name":"(anonymous_12)","decl":{"start":{"line":121,"column":2},"end":{"line":121,"column":3}},"loc":{"start":{"line":121,"column":11},"end":{"line":229,"column":3}},"line":121},"13":{"name":"(anonymous_13)","decl":{"start":{"line":156,"column":43},"end":{"line":156,"column":44}},"loc":{"start":{"line":157,"column":20},"end":{"line":157,"column":54}},"line":157}},"branchMap":{"0":{"loc":{"start":{"line":64,"column":4},"end":{"line":84,"column":5}},"type":"if","locations":[{"start":{"line":64,"column":4},"end":{"line":84,"column":5}},{"start":{"line":64,"column":4},"end":{"line":84,"column":5}}],"line":64},"1":{"loc":{"start":{"line":125,"column":4},"end":{"line":129,"column":5}},"type":"if","locations":[{"start":{"line":125,"column":4},"end":{"line":129,"column":5}},{"start":{"line":125,"column":4},"end":{"line":129,"column":5}}],"line":125},"2":{"loc":{"start":{"line":125,"column":8},"end":{"line":125,"column":74}},"type":"binary-expr","locations":[{"start":{"line":125,"column":8},"end":{"line":125,"column":54}},{"start":{"line":125,"column":58},"end":{"line":125,"column":74}}],"line":125},"3":{"loc":{"start":{"line":152,"column":23},"end":{"line":152,"column":78}},"type":"binary-expr","locations":[{"start":{"line":152,"column":23},"end":{"line":152,"column":49}},{"start":{"line":152,"column":53},"end":{"line":152,"column":78}}],"line":152},"4":{"loc":{"start":{"line":164,"column":16},"end":{"line":169,"column":34}},"type":"cond-expr","locations":[{"start":{"line":165,"column":18},"end":{"line":169,"column":27}},{"start":{"line":169,"column":30},"end":{"line":169,"column":34}}],"line":164}},"s":{"0":3,"1":3,"2":585,"3":3,"4":3,"5":3,"6":3,"7":3,"8":3,"9":0,"10":0,"11":3,"12":1,"13":1,"14":1,"15":0,"16":1,"17":1,"18":1,"19":0,"20":0,"21":5,"22":5,"23":4,"24":1,"25":5,"26":783},"f":{"0":3,"1":585,"2":3,"3":3,"4":0,"5":3,"6":1,"7":0,"8":1,"9":1,"10":1,"11":0,"12":5,"13":783},"b":{"0":[1,0],"1":[4,1],"2":[5,1],"3":[5,0],"4":[4,1]},"_coverageSchema":"332fd63041d2c1bcb487cc26dd0d5f7d97098a6c","hash":"26e1b70aed124523046b14fd0ce8cc7b22dfa935"}
,"/Users/biosync/Desktop/FrontEndCapstone/client/component/tables/PaymentDetailsTable.jsx": {"path":"/Users/biosync/Desktop/FrontEndCapstone/client/component/tables/PaymentDetailsTable.jsx","statementMap":{"0":{"start":{"line":6,"column":23},"end":{"line":24,"column":1}},"1":{"start":{"line":7,"column":2},"end":{"line":23,"column":8}}},"fnMap":{"0":{"name":"(anonymous_0)","decl":{"start":{"line":6,"column":23},"end":{"line":6,"column":24}},"loc":{"start":{"line":7,"column":2},"end":{"line":23,"column":8}},"line":7}},"branchMap":{},"s":{"0":3,"1":4},"f":{"0":4},"b":{},"_coverageSchema":"332fd63041d2c1bcb487cc26dd0d5f7d97098a6c","hash":"f9d9f0094d36a2096fbc4529144cdfd58f6a9dac"}
,"/Users/biosync/Desktop/FrontEndCapstone/client/component/tables/ReturnPolicyTable.jsx": {"path":"/Users/biosync/Desktop/FrontEndCapstone/client/component/tables/ReturnPolicyTable.jsx","statementMap":{"0":{"start":{"line":5,"column":26},"end":{"line":41,"column":1}},"1":{"start":{"line":6,"column":2},"end":{"line":40,"column":8}}},"fnMap":{"0":{"name":"(anonymous_0)","decl":{"start":{"line":5,"column":26},"end":{"line":5,"column":27}},"loc":{"start":{"line":6,"column":2},"end":{"line":40,"column":8}},"line":6}},"branchMap":{},"s":{"0":3,"1":4},"f":{"0":4},"b":{},"_coverageSchema":"332fd63041d2c1bcb487cc26dd0d5f7d97098a6c","hash":"c079875c857bf4ff60dc42355669b42fb2813779"}
,"/Users/biosync/Desktop/FrontEndCapstone/db/sql/seed.js": {"path":"/Users/biosync/Desktop/FrontEndCapstone/db/sql/seed.js","statementMap":{"0":{"start":{"line":1,"column":14},"end":{"line":197,"column":1}},"1":{"start":{"line":199,"column":0},"end":{"line":201,"column":2}}},"fnMap":{},"branchMap":{},"s":{"0":2,"1":2},"f":{},"b":{},"_coverageSchema":"332fd63041d2c1bcb487cc26dd0d5f7d97098a6c","hash":"da2afbb62475793522cfe227bc2b7011cf82c1b0"}
}
