TN:
SF:/Users/biosync/Desktop/FrontEndCapstone/setupTests.js
FNF:0
FNH:0
DA:14,4
DA:17,4
DA:18,4
DA:19,4
DA:20,4
DA:21,4
LF:6
LH:6
BRF:0
BRH:0
end_of_record
TN:
SF:/Users/biosync/Desktop/FrontEndCapstone/client/component/App.jsx
FN:5,(anonymous_0)
FN:11,(anonymous_1)
FNF:2
FNH:2
FNDA:1,(anonymous_0)
FNDA:1,(anonymous_1)
DA:6,1
DA:8,1
DA:12,1
LF:3
LH:3
BRF:0
BRH:0
end_of_record
TN:
SF:/Users/biosync/Desktop/FrontEndCapstone/client/component/Shipping.jsx
FN:12,(anonymous_0)
FN:15,(anonymous_1)
FN:35,(anonymous_2)
FN:39,(anonymous_3)
FN:48,(anonymous_4)
FN:57,(anonymous_5)
FN:62,(anonymous_6)
FN:73,(anonymous_7)
FN:81,(anonymous_8)
FN:87,(anonymous_9)
FN:90,(anonymous_10)
FN:93,(anonymous_11)
FN:121,(anonymous_12)
FN:156,(anonymous_13)
FNF:14
FNH:11
FNDA:3,(anonymous_0)
FNDA:585,(anonymous_1)
FNDA:3,(anonymous_2)
FNDA:3,(anonymous_3)
FNDA:0,(anonymous_4)
FNDA:3,(anonymous_5)
FNDA:1,(anonymous_6)
FNDA:0,(anonymous_7)
FNDA:1,(anonymous_8)
FNDA:1,(anonymous_9)
FNDA:1,(anonymous_10)
FNDA:0,(anonymous_11)
FNDA:5,(anonymous_12)
FNDA:783,(anonymous_13)
DA:13,3
DA:15,585
DA:17,3
DA:28,3
DA:29,3
DA:30,3
DA:36,3
DA:40,3
DA:49,0
DA:51,0
DA:58,3
DA:63,1
DA:64,1
DA:65,1
DA:74,0
DA:82,1
DA:88,1
DA:90,1
DA:94,0
DA:96,0
DA:122,5
DA:125,5
DA:126,4
DA:128,1
DA:131,5
DA:157,783
LF:26
LH:21
BRDA:64,0,0,1
BRDA:64,0,1,0
BRDA:125,1,0,4
BRDA:125,1,1,1
BRDA:125,2,0,5
BRDA:125,2,1,1
BRDA:152,3,0,5
BRDA:152,3,1,0
BRDA:164,4,0,4
BRDA:164,4,1,1
BRF:10
BRH:8
end_of_record
TN:
SF:/Users/biosync/Desktop/FrontEndCapstone/client/component/tables/PaymentDetailsTable.jsx
FN:6,(anonymous_0)
FNF:1
FNH:1
FNDA:2,(anonymous_0)
DA:6,3
DA:7,2
LF:2
LH:2
BRF:0
BRH:0
end_of_record
TN:
SF:/Users/biosync/Desktop/FrontEndCapstone/client/component/tables/ReturnPolicyTable.jsx
FN:5,(anonymous_0)
FNF:1
FNH:1
FNDA:2,(anonymous_0)
DA:5,3
DA:6,2
LF:2
LH:2
BRF:0
BRH:0
end_of_record
TN:
SF:/Users/biosync/Desktop/FrontEndCapstone/db/sql/seed.js
FNF:0
FNH:0
DA:1,2
DA:199,2
LF:2
LH:2
BRF:0
BRH:0
end_of_record
